2025-09-24 01:48:45,335 - mrd69 - INFO - memory_api router mounted at /api/memory
2025-09-24 01:48:45,429 - mrd69 - INFO - writing router mounted at /api/listings
2025-09-24 01:48:45,560 - mrd69 - WARNING - travel router not mounted: `regex` is removed. use `pattern` instead

For further information visit https://errors.pydantic.dev/2.11/u/removed-kwargs
2025-09-24 01:48:45,609 - mrd69 - INFO - crypto router mounted at /api/crypto
2025-09-24 01:48:45,613 - runpod_sync - INFO - RunPod nie jest w씿czony, synchronizacja nie zosta쓰 uruchomiona
2025-09-24 02:06:52,442 - mrd69 - INFO - memory_api router mounted at /api/memory
2025-09-24 02:06:52,482 - mrd69 - INFO - writing router mounted at /api/listings
2025-09-24 02:06:52,503 - mrd69 - WARNING - travel router not mounted: `regex` is removed. use `pattern` instead

For further information visit https://errors.pydantic.dev/2.11/u/removed-kwargs
2025-09-24 02:06:52,544 - mrd69 - INFO - crypto router mounted at /api/crypto
2025-09-24 02:06:52,550 - runpod_sync - INFO - RunPod nie jest w씿czony, synchronizacja nie zosta쓰 uruchomiona
2025-09-24 02:14:47,762 - mrd69 - INFO - memory_api router mounted at /api/memory
2025-09-24 02:14:47,799 - mrd69 - INFO - writing router mounted at /api/listings
2025-09-24 02:14:47,843 - mrd69 - INFO - travel router mounted at /api/travel
2025-09-24 02:14:47,870 - mrd69 - INFO - crypto router mounted at /api/crypto
2025-09-24 02:14:47,874 - runpod_sync - INFO - RunPod nie jest w씿czony, synchronizacja nie zosta쓰 uruchomiona
2025-09-24 02:20:32,133 - mrd69 - INFO - memory_api router mounted at /api/memory
2025-09-24 02:20:32,178 - mrd69 - INFO - writing router mounted at /api/listings
2025-09-24 02:20:32,218 - mrd69 - INFO - travel router mounted at /api/travel
2025-09-24 02:20:32,246 - mrd69 - INFO - crypto router mounted at /api/crypto
2025-09-24 02:20:32,252 - runpod_sync - INFO - RunPod nie jest w씿czony, synchronizacja nie zosta쓰 uruchomiona
2025-09-24 02:24:55,806 - mrd69 - INFO - memory_api router mounted at /api/memory
2025-09-24 02:24:55,859 - mrd69 - INFO - writing router mounted at /api/listings
2025-09-24 02:24:55,894 - mrd69 - INFO - travel router mounted at /api/travel
2025-09-24 02:24:55,919 - mrd69 - INFO - crypto router mounted at /api/crypto
2025-09-24 02:24:55,923 - runpod_sync - INFO - RunPod nie jest w씿czony, synchronizacja nie zosta쓰 uruchomiona
2025-09-24 02:31:51,326 - mrd69 - INFO - memory_api router mounted at /api/memory
2025-09-24 02:31:51,370 - mrd69 - INFO - writing router mounted at /api/listings
2025-09-24 02:31:51,404 - mrd69 - INFO - travel router mounted at /api/travel
2025-09-24 02:31:51,430 - mrd69 - INFO - crypto router mounted at /api/crypto
2025-09-24 02:31:51,433 - runpod_sync - INFO - RunPod nie jest w씿czony, synchronizacja nie zosta쓰 uruchomiona
2025-09-24 07:57:21,141 - mrd69 - INFO - memory_api router mounted at /api/memory
2025-09-24 07:57:21,183 - mrd69 - INFO - writing router mounted at /api/listings
2025-09-24 07:57:21,220 - mrd69 - INFO - travel router mounted at /api/travel
2025-09-24 07:57:21,246 - mrd69 - INFO - crypto router mounted at /api/crypto
2025-09-24 07:57:21,251 - runpod_sync - INFO - RunPod nie jest w씿czony, synchronizacja nie zosta쓰 uruchomiona
